INFO     planner time limit: None
INFO     planner memory limit: None

INFO     Running translator.
INFO     translator stdin: None
INFO     translator time limit: None
INFO     translator memory limit: None
INFO     translator command line string: /usr/bin/python3 /home/thiago/unb/2023.1/tees-sat/bomberda/downward/builds/release/bin/translate/translate.py domain.pddl maps/maze_example1.pddl --sas-file output.sas
Parsing...
Parsing: [0.000s CPU, 0.001s wall-clock]
Normalizing task... [0.000s CPU, 0.000s wall-clock]
Instantiating...
Generating Datalog program... [0.000s CPU, 0.000s wall-clock]
Normalizing Datalog program...
Normalizing Datalog program: [0.000s CPU, 0.000s wall-clock]
Preparing model... [0.000s CPU, 0.000s wall-clock]
Generated 13 rules.
Computing model... [0.010s CPU, 0.002s wall-clock]
109 relevant atoms
256 auxiliary atoms
365 final queue length
1838 total queue pushes
Completing instantiation... [0.010s CPU, 0.010s wall-clock]
Instantiating: [0.020s CPU, 0.012s wall-clock]
Computing fact groups...
Finding invariants...
4 initial candidates
Finding invariants: [0.000s CPU, 0.000s wall-clock]
Checking invariant weight... [0.000s CPU, 0.000s wall-clock]
Instantiating groups... [0.000s CPU, 0.000s wall-clock]
Collecting mutex groups... [0.000s CPU, 0.000s wall-clock]
Choosing groups...
64 uncovered facts
Choosing groups: [0.000s CPU, 0.000s wall-clock]
Building translation key... [0.000s CPU, 0.000s wall-clock]
Computing fact groups: [0.000s CPU, 0.001s wall-clock]
Building STRIPS to SAS dictionary... [0.000s CPU, 0.000s wall-clock]
Building dictionary for full mutex groups... [0.000s CPU, 0.000s wall-clock]
Building mutex information...
Building mutex information: [0.000s CPU, 0.000s wall-clock]
Translating task...
Processing axioms...
Simplifying axioms... [0.000s CPU, 0.000s wall-clock]
Translator axioms removed by simplifying: 0
Computing negative axioms... [0.000s CPU, 0.000s wall-clock]
Processing axioms: [0.000s CPU, 0.000s wall-clock]
Translating task: [0.000s CPU, 0.003s wall-clock]
65 effect conditions simplified
0 implied preconditions added
Detecting unreachable propositions...
0 operators removed
0 axioms removed
2 propositions removed
Detecting unreachable propositions: [0.000s CPU, 0.001s wall-clock]
Reordering and filtering variables...
15 of 63 variables necessary.
0 of 0 mutex groups necessary.
4 of 4 operators necessary.
0 of 0 axiom rules necessary.
Reordering and filtering variables: [0.000s CPU, 0.001s wall-clock]
Translator variables: 15
Translator derived variables: 0
Translator facts: 30
Translator goal facts: 1
Translator mutex groups: 0
Translator total mutex groups size: 0
Translator operators: 4
Translator axioms: 0
Translator task size: 230
Translator peak memory: 31352 KB
Writing output... [0.000s CPU, 0.000s wall-clock]
Done! [0.020s CPU, 0.019s wall-clock]
translate exit code: 0

INFO     Running search (release).
INFO     search stdin: output.sas
INFO     search time limit: None
INFO     search memory limit: None
INFO     search command line string: /home/thiago/unb/2023.1/tees-sat/bomberda/downward/builds/release/bin/downward --search 'let(hlm,landmark_sum(lm_factory=lm_reasonable_orders_hps(lm_rhw()),transform=adapt_costs(one),pref=false),let(hff,ff(transform=adapt_costs(one)),lazy_greedy([hff,hlm],preferred=[hff,hlm],cost_type=one,reopen_closed=false)))' --internal-plan-file sas_plan < output.sas
[t=0.00050636s, 11472 KB] reading input...
[t=0.00064712s, 11472 KB] done reading input!
[t=0.0017779s, 11728 KB] Initializing landmark sum heuristic...
[t=0.00181759s, 11728 KB] Generating landmark graph...
[t=0.00183601s, 11728 KB] Building a landmark graph with reasonable orders.
[t=0.00185031s, 11728 KB] Initializing Exploration...
[t=0.00186864s, 11728 KB] Generating landmarks using the RPG/SAS+ approach
[t=0.00190737s, 11728 KB] Removed 0 reasonable or obedient reasonable orders
[t=0.0019204s, 11728 KB] Landmarks generation time: 8.151e-05s
[t=0.00193133s, 11728 KB] Discovered 2 landmarks, of which 0 are disjunctive and 0 are conjunctive.
[t=0.00194064s, 11728 KB] 1 edges
[t=0.00195793s, 11728 KB] approx. reasonable orders
[t=0.00196926s, 11728 KB] approx. obedient reasonable orders
[t=0.00197905s, 11728 KB] Removed 0 reasonable or obedient reasonable orders
[t=0.00198794s, 11728 KB] Landmarks generation time: 0.00016322s
[t=0.00199715s, 11728 KB] Discovered 2 landmarks, of which 0 are disjunctive and 0 are conjunctive.
[t=0.00200567s, 11728 KB] 1 edges
[t=0.00201454s, 11728 KB] Landmark graph generation time: 0.00020374s
[t=0.00202371s, 11728 KB] Landmark graph contains 2 landmarks, of which 0 are disjunctive and 0 are conjunctive.
[t=0.00203233s, 11728 KB] Landmark graph contains 1 orderings.
[t=0.00207279s, 11728 KB] Simplifying 84 unary operators... done! [66 unary operators]
[t=0.00210304s, 11728 KB] time to simplify: 3.998e-05s
[t=0.0021179s, 11728 KB] Initializing additive heuristic...
[t=0.00212757s, 11728 KB] Initializing FF heuristic...
[t=0.00215931s, 11728 KB] Building successor generator...done!
[t=0.00218982s, 11728 KB] peak memory difference for successor generator creation: 0 KB
[t=0.00219852s, 11728 KB] time for successor generation creation: 3.62e-06s
[t=0.00220899s, 11728 KB] Variables: 15
[t=0.00221783s, 11728 KB] FactPairs: 30
[t=0.00222652s, 11728 KB] Bytes per state: 4
[t=0.00225235s, 11728 KB] Conducting lazy best first search, (real) bound = 2147483647
[t=0.00227232s, 11728 KB] 1 initial landmarks, 1 goal landmarks
[t=0.00229526s, 11728 KB] New best heuristic value for landmark_sum(lm_factory=lm_reasonable_orders_hps(lm_rhw()),transform=adapt_costs(one),pref=false): 1
[t=0.00230817s, 11728 KB] New best heuristic value for ff(transform=adapt_costs(one)): 3
[t=0.00231754s, 11728 KB] g=0, 1 evaluated, 0 expanded
[t=0.00233064s, 11728 KB] Initial heuristic value for landmark_sum(lm_factory=lm_reasonable_orders_hps(lm_rhw()),transform=adapt_costs(one),pref=false): 1
[t=0.00233994s, 11728 KB] Initial heuristic value for ff(transform=adapt_costs(one)): 3
[t=0.00236129s, 11728 KB] New best heuristic value for ff(transform=adapt_costs(one)): 2
[t=0.00237117s, 11728 KB] g=1, 2 evaluated, 1 expanded
[t=0.00239531s, 11728 KB] New best heuristic value for ff(transform=adapt_costs(one)): 1
[t=0.00240649s, 11728 KB] g=4, 6 evaluated, 5 expanded
[t=0.00241935s, 11728 KB] Solution found!
[t=0.00242967s, 11728 KB] Actual search time: 0.00015242s
baixo bomberman (1)
direita bomberman (1)
direita bomberman (1)
direita bomberman (1)
cima bomberman (1)
[t=0.00243953s, 11728 KB] Plan length: 5 step(s).
[t=0.00243953s, 11728 KB] Plan cost: 5
[t=0.00243953s, 11728 KB] Expanded 6 state(s).
[t=0.00243953s, 11728 KB] Reopened 0 state(s).
[t=0.00243953s, 11728 KB] Evaluated 7 state(s).
[t=0.00243953s, 11728 KB] Evaluations: 14
[t=0.00243953s, 11728 KB] Generated 24 state(s).
[t=0.00243953s, 11728 KB] Dead ends: 0 state(s).
[t=0.00243953s, 11728 KB] Number of registered states: 7
[t=0.00243953s, 11728 KB] Int hash set load factor: 7/8 = 0.875
[t=0.00243953s, 11728 KB] Int hash set resizes: 3
[t=0.00243953s, 11728 KB] Search time: 0.00018757s
[t=0.00243953s, 11728 KB] Total time: 0.00243953s
Solution found.
Peak memory: 11728 KB
Remove intermediate file output.sas
search exit code: 0

INFO     Planner time: 0.07s
